308 INFO: PyInstaller: 6.15.0, contrib hooks: 2025.8
309 INFO: Python: 3.13.6
337 INFO: Platform: Windows-10-10.0.19045-SP0
338 INFO: Python environment: C:\Users\User\AppData\Local\Programs\Python\Python313
339 INFO: wrote C:\Users\User\Desktop\auto_data2\data_automation\sales_automation_v5.spec
353 INFO: Module search paths (PYTHONPATH):
['C:\\Users\\User\\AppData\\Local\\Programs\\Python\\Python313\\Scripts\\pyinstaller.exe',
 'C:\\Users\\User\\AppData\\Local\\Programs\\Python\\Python313\\python313.zip',
 'C:\\Users\\User\\AppData\\Local\\Programs\\Python\\Python313\\DLLs',
 'C:\\Users\\User\\AppData\\Local\\Programs\\Python\\Python313\\Lib',
 'C:\\Users\\User\\AppData\\Local\\Programs\\Python\\Python313',
 'C:\\Users\\User\\AppData\\Local\\Programs\\Python\\Python313\\Lib\\site-packages',
 'C:\\Users\\User\\AppData\\Local\\Programs\\Python\\Python313\\Lib\\site-packages\\win32',
 'C:\\Users\\User\\AppData\\Local\\Programs\\Python\\Python313\\Lib\\site-packages\\win32\\lib',
 'C:\\Users\\User\\AppData\\Local\\Programs\\Python\\Python313\\Lib\\site-packages\\Pythonwin',
 'C:\\Users\\User\\AppData\\Local\\Programs\\Python\\Python313\\Lib\\site-packages\\setuptools\\_vendor',
 'C:\\Users\\User\\Desktop\\auto_data2\\data_automation']
364 WARNING: qt_material must be imported after PySide or PyQt!
988 INFO: checking Analysis
988 INFO: Building Analysis because Analysis-00.toc is non existent
988 INFO: Running Analysis Analysis-00.toc
988 INFO: Target bytecode optimization level: 0
988 INFO: Initializing module dependency graph...
989 INFO: Initializing module graph hook caches...
1014 INFO: Analyzing modules for base_library.zip ...
2498 INFO: Processing standard module hook 'hook-heapq.py' from 'C:\\Users\\User\\AppData\\Local\\Programs\\Python\\Python313\\Lib\\site-packages\\PyInstaller\\hooks'
3742 INFO: Processing standard module hook 'hook-encodings.py' from 'C:\\Users\\User\\AppData\\Local\\Programs\\Python\\Python313\\Lib\\site-packages\\PyInstaller\\hooks'
6302 INFO: Processing standard module hook 'hook-pickle.py' from 'C:\\Users\\User\\AppData\\Local\\Programs\\Python\\Python313\\Lib\\site-packages\\PyInstaller\\hooks'
10181 INFO: Caching module dependency graph...
10239 INFO: Looking for Python shared library...
10246 INFO: Using Python shared library: C:\Users\User\AppData\Local\Programs\Python\Python313\python313.dll
10246 INFO: Analyzing C:\Users\User\Desktop\auto_data2\data_automation\desktop_app.py
11468 INFO: Processing standard module hook 'hook-pandas.py' from 'C:\\Users\\User\\AppData\\Local\\Programs\\Python\\Python313\\Lib\\site-packages\\PyInstaller\\hooks'
14973 INFO: Processing standard module hook 'hook-platform.py' from 'C:\\Users\\User\\AppData\\Local\\Programs\\Python\\Python313\\Lib\\site-packages\\PyInstaller\\hooks'
15011 INFO: Processing standard module hook 'hook-_ctypes.py' from 'C:\\Users\\User\\AppData\\Local\\Programs\\Python\\Python313\\Lib\\site-packages\\PyInstaller\\hooks'
15088 INFO: Processing standard module hook 'hook-sysconfig.py' from 'C:\\Users\\User\\AppData\\Local\\Programs\\Python\\Python313\\Lib\\site-packages\\PyInstaller\\hooks'
15131 INFO: Processing standard module hook 'hook-numpy.py' from 'C:\\Users\\User\\AppData\\Local\\Programs\\Python\\Python313\\Lib\\site-packages\\PyInstaller\\hooks'
16001 INFO: Processing standard module hook 'hook-difflib.py' from 'C:\\Users\\User\\AppData\\Local\\Programs\\Python\\Python313\\Lib\\site-packages\\PyInstaller\\hooks'
16492 INFO: Processing standard module hook 'hook-multiprocessing.util.py' from 'C:\\Users\\User\\AppData\\Local\\Programs\\Python\\Python313\\Lib\\site-packages\\PyInstaller\\hooks'
16903 INFO: Processing standard module hook 'hook-xml.py' from 'C:\\Users\\User\\AppData\\Local\\Programs\\Python\\Python313\\Lib\\site-packages\\PyInstaller\\hooks'
21615 INFO: Processing pre-safe-import-module hook 'hook-typing_extensions.py' from 'C:\\Users\\User\\AppData\\Local\\Programs\\Python\\Python313\\Lib\\site-packages\\PyInstaller\\hooks\\pre_safe_import_module'
21617 INFO: SetuptoolsInfo: initializing cached setuptools info...
27210 INFO: Processing standard module hook 'hook-charset_normalizer.py' from 'C:\\Users\\User\\AppData\\Local\\Programs\\Python\\Python313\\Lib\\site-packages\\_pyinstaller_hooks_contrib\\stdhooks'
27962 INFO: Processing standard module hook 'hook-pytz.py' from 'C:\\Users\\User\\AppData\\Local\\Programs\\Python\\Python313\\Lib\\site-packages\\PyInstaller\\hooks'
28429 INFO: Processing standard module hook 'hook-scipy.py' from 'C:\\Users\\User\\AppData\\Local\\Programs\\Python\\Python313\\Lib\\site-packages\\PyInstaller\\hooks'
29342 INFO: Processing standard module hook 'hook-pycparser.py' from 'C:\\Users\\User\\AppData\\Local\\Programs\\Python\\Python313\\Lib\\site-packages\\_pyinstaller_hooks_contrib\\stdhooks'
29875 INFO: Processing standard module hook 'hook-setuptools.py' from 'C:\\Users\\User\\AppData\\Local\\Programs\\Python\\Python313\\Lib\\site-packages\\PyInstaller\\hooks'
29895 INFO: Processing pre-safe-import-module hook 'hook-distutils.py' from 'C:\\Users\\User\\AppData\\Local\\Programs\\Python\\Python313\\Lib\\site-packages\\PyInstaller\\hooks\\pre_safe_import_module'
29940 INFO: Processing pre-safe-import-module hook 'hook-jaraco.functools.py' from 'C:\\Users\\User\\AppData\\Local\\Programs\\Python\\Python313\\Lib\\site-packages\\PyInstaller\\hooks\\pre_safe_import_module'
29941 INFO: Setuptools: 'jaraco.functools' appears to be a setuptools-vendored copy - creating alias to 'setuptools._vendor.jaraco.functools'!
29957 INFO: Processing pre-safe-import-module hook 'hook-more_itertools.py' from 'C:\\Users\\User\\AppData\\Local\\Programs\\Python\\Python313\\Lib\\site-packages\\PyInstaller\\hooks\\pre_safe_import_module'
29957 INFO: Setuptools: 'more_itertools' appears to be a setuptools-vendored copy - creating alias to 'setuptools._vendor.more_itertools'!
30263 INFO: Processing pre-safe-import-module hook 'hook-packaging.py' from 'C:\\Users\\User\\AppData\\Local\\Programs\\Python\\Python313\\Lib\\site-packages\\PyInstaller\\hooks\\pre_safe_import_module'
30545 INFO: Processing pre-safe-import-module hook 'hook-jaraco.text.py' from 'C:\\Users\\User\\AppData\\Local\\Programs\\Python\\Python313\\Lib\\site-packages\\PyInstaller\\hooks\\pre_safe_import_module'
30546 INFO: Setuptools: 'jaraco.text' appears to be a setuptools-vendored copy - creating alias to 'setuptools._vendor.jaraco.text'!
30571 INFO: Processing standard module hook 'hook-setuptools._vendor.jaraco.text.py' from 'C:\\Users\\User\\AppData\\Local\\Programs\\Python\\Python313\\Lib\\site-packages\\PyInstaller\\hooks'
30574 INFO: Processing pre-safe-import-module hook 'hook-importlib_resources.py' from 'C:\\Users\\User\\AppData\\Local\\Programs\\Python\\Python313\\Lib\\site-packages\\PyInstaller\\hooks\\pre_safe_import_module'
30576 INFO: Processing pre-safe-import-module hook 'hook-jaraco.context.py' from 'C:\\Users\\User\\AppData\\Local\\Programs\\Python\\Python313\\Lib\\site-packages\\PyInstaller\\hooks\\pre_safe_import_module'
30577 INFO: Setuptools: 'jaraco.context' appears to be a setuptools-vendored copy - creating alias to 'setuptools._vendor.jaraco.context'!
30589 INFO: Processing pre-safe-import-module hook 'hook-backports.tarfile.py' from 'C:\\Users\\User\\AppData\\Local\\Programs\\Python\\Python313\\Lib\\site-packages\\PyInstaller\\hooks\\pre_safe_import_module'
30590 INFO: Setuptools: 'backports.tarfile' appears to be a setuptools-vendored copy - creating alias to 'setuptools._vendor.backports.tarfile'!
30723 INFO: Processing standard module hook 'hook-backports.py' from 'C:\\Users\\User\\AppData\\Local\\Programs\\Python\\Python313\\Lib\\site-packages\\_pyinstaller_hooks_contrib\\stdhooks'
30840 INFO: Processing pre-safe-import-module hook 'hook-importlib_metadata.py' from 'C:\\Users\\User\\AppData\\Local\\Programs\\Python\\Python313\\Lib\\site-packages\\PyInstaller\\hooks\\pre_safe_import_module'
30840 INFO: Setuptools: 'importlib_metadata' appears to be a setuptools-vendored copy - creating alias to 'setuptools._vendor.importlib_metadata'!
30880 INFO: Processing standard module hook 'hook-setuptools._vendor.importlib_metadata.py' from 'C:\\Users\\User\\AppData\\Local\\Programs\\Python\\Python313\\Lib\\site-packages\\PyInstaller\\hooks'
30883 INFO: Processing pre-safe-import-module hook 'hook-zipp.py' from 'C:\\Users\\User\\AppData\\Local\\Programs\\Python\\Python313\\Lib\\site-packages\\PyInstaller\\hooks\\pre_safe_import_module'
30884 INFO: Setuptools: 'zipp' appears to be a setuptools-vendored copy - creating alias to 'setuptools._vendor.zipp'!
31491 INFO: Processing pre-safe-import-module hook 'hook-tomli.py' from 'C:\\Users\\User\\AppData\\Local\\Programs\\Python\\Python313\\Lib\\site-packages\\PyInstaller\\hooks\\pre_safe_import_module'
31492 INFO: Setuptools: 'tomli' appears to be a setuptools-vendored copy - creating alias to 'setuptools._vendor.tomli'!
32394 INFO: Processing pre-safe-import-module hook 'hook-wheel.py' from 'C:\\Users\\User\\AppData\\Local\\Programs\\Python\\Python313\\Lib\\site-packages\\PyInstaller\\hooks\\pre_safe_import_module'
32395 INFO: Setuptools: 'wheel' appears to be a setuptools-vendored copy - creating alias to 'setuptools._vendor.wheel'!
34468 INFO: Processing standard module hook 'hook-scipy.linalg.py' from 'C:\\Users\\User\\AppData\\Local\\Programs\\Python\\Python313\\Lib\\site-packages\\PyInstaller\\hooks'
34676 INFO: Processing standard module hook 'hook-scipy.special._ufuncs.py' from 'C:\\Users\\User\\AppData\\Local\\Programs\\Python\\Python313\\Lib\\site-packages\\PyInstaller\\hooks'
36492 INFO: Processing standard module hook 'hook-scipy.spatial._ckdtree.py' from 'C:\\Users\\User\\AppData\\Local\\Programs\\Python\\Python313\\Lib\\site-packages\\PyInstaller\\hooks'
37102 INFO: Processing standard module hook 'hook-scipy.spatial.transform.rotation.py' from 'C:\\Users\\User\\AppData\\Local\\Programs\\Python\\Python313\\Lib\\site-packages\\PyInstaller\\hooks'
38582 INFO: Processing standard module hook 'hook-scipy.stats._stats.py' from 'C:\\Users\\User\\AppData\\Local\\Programs\\Python\\Python313\\Lib\\site-packages\\PyInstaller\\hooks'
39365 INFO: Processing standard module hook 'hook-scipy.sparse.csgraph.py' from 'C:\\Users\\User\\AppData\\Local\\Programs\\Python\\Python313\\Lib\\site-packages\\PyInstaller\\hooks'
40790 INFO: Processing standard module hook 'hook-scipy.special._ellip_harm_2.py' from 'C:\\Users\\User\\AppData\\Local\\Programs\\Python\\Python313\\Lib\\site-packages\\PyInstaller\\hooks'
43287 INFO: Processing standard module hook 'hook-pyarrow.py' from 'C:\\Users\\User\\AppData\\Local\\Programs\\Python\\Python313\\Lib\\site-packages\\_pyinstaller_hooks_contrib\\stdhooks'
44306 INFO: Processing standard module hook 'hook-urllib3.py' from 'C:\\Users\\User\\AppData\\Local\\Programs\\Python\\Python313\\Lib\\site-packages\\_pyinstaller_hooks_contrib\\stdhooks'
45123 INFO: Processing standard module hook 'hook-cryptography.py' from 'C:\\Users\\User\\AppData\\Local\\Programs\\Python\\Python313\\Lib\\site-packages\\_pyinstaller_hooks_contrib\\stdhooks'
46177 INFO: hook-cryptography: cryptography does not seem to be using dynamically linked OpenSSL.
46667 INFO: Processing standard module hook 'hook-bcrypt.py' from 'C:\\Users\\User\\AppData\\Local\\Programs\\Python\\Python313\\Lib\\site-packages\\_pyinstaller_hooks_contrib\\stdhooks'
46713 INFO: Processing standard module hook 'hook-certifi.py' from 'C:\\Users\\User\\AppData\\Local\\Programs\\Python\\Python313\\Lib\\site-packages\\_pyinstaller_hooks_contrib\\stdhooks'
48520 INFO: Processing standard module hook 'hook-pandas.io.formats.style.py' from 'C:\\Users\\User\\AppData\\Local\\Programs\\Python\\Python313\\Lib\\site-packages\\PyInstaller\\hooks'
51190 INFO: Processing standard module hook 'hook-pandas.plotting.py' from 'C:\\Users\\User\\AppData\\Local\\Programs\\Python\\Python313\\Lib\\site-packages\\PyInstaller\\hooks'
52007 INFO: Processing standard module hook 'hook-openpyxl.py' from 'C:\\Users\\User\\AppData\\Local\\Programs\\Python\\Python313\\Lib\\site-packages\\_pyinstaller_hooks_contrib\\stdhooks'
52437 INFO: Processing standard module hook 'hook-xml.etree.cElementTree.py' from 'C:\\Users\\User\\AppData\\Local\\Programs\\Python\\Python313\\Lib\\site-packages\\PyInstaller\\hooks'
52970 INFO: Processing standard module hook 'hook-PIL.py' from 'C:\\Users\\User\\AppData\\Local\\Programs\\Python\\Python313\\Lib\\site-packages\\PyInstaller\\hooks'
53120 INFO: Processing standard module hook 'hook-PIL.Image.py' from 'C:\\Users\\User\\AppData\\Local\\Programs\\Python\\Python313\\Lib\\site-packages\\PyInstaller\\hooks'
53831 INFO: Processing standard module hook 'hook-PIL.ImageFilter.py' from 'C:\\Users\\User\\AppData\\Local\\Programs\\Python\\Python313\\Lib\\site-packages\\PyInstaller\\hooks'
57212 INFO: Processing standard module hook 'hook-sqlite3.py' from 'C:\\Users\\User\\AppData\\Local\\Programs\\Python\\Python313\\Lib\\site-packages\\PyInstaller\\hooks'
57639 INFO: Processing standard module hook 'hook-pandas.io.clipboard.py' from 'C:\\Users\\User\\AppData\\Local\\Programs\\Python\\Python313\\Lib\\site-packages\\PyInstaller\\hooks'
57654 INFO: Processing standard module hook 'hook-qtpy.py' from 'C:\\Users\\User\\AppData\\Local\\Programs\\Python\\Python313\\Lib\\site-packages\\PyInstaller\\hooks'
58024 INFO: hook-qtpy: selected 'PySide6' as the only available Qt bindings.
58033 INFO: Processing standard module hook 'hook-PySide6.py' from 'C:\\Users\\User\\AppData\\Local\\Programs\\Python\\Python313\\Lib\\site-packages\\PyInstaller\\hooks'
58041 INFO: Processing standard module hook 'hook-shiboken6.py' from 'C:\\Users\\User\\AppData\\Local\\Programs\\Python\\Python313\\Lib\\site-packages\\PyInstaller\\hooks'
58375 INFO: Processing standard module hook 'hook-PySide6.QtNetwork.py' from 'C:\\Users\\User\\AppData\\Local\\Programs\\Python\\Python313\\Lib\\site-packages\\PyInstaller\\hooks'
59658 INFO: Processing standard module hook 'hook-PySide6.QtCore.py' from 'C:\\Users\\User\\AppData\\Local\\Programs\\Python\\Python313\\Lib\\site-packages\\PyInstaller\\hooks'
60070 INFO: Processing standard module hook 'hook-PySide6.QtDataVisualization.py' from 'C:\\Users\\User\\AppData\\Local\\Programs\\Python\\Python313\\Lib\\site-packages\\PyInstaller\\hooks'
61247 INFO: Processing standard module hook 'hook-PySide6.QtGui.py' from 'C:\\Users\\User\\AppData\\Local\\Programs\\Python\\Python313\\Lib\\site-packages\\PyInstaller\\hooks'
63856 INFO: Processing standard module hook 'hook-PySide6.QtOpenGL.py' from 'C:\\Users\\User\\AppData\\Local\\Programs\\Python\\Python313\\Lib\\site-packages\\PyInstaller\\hooks'
65054 INFO: Processing standard module hook 'hook-PySide6.QtWidgets.py' from 'C:\\Users\\User\\AppData\\Local\\Programs\\Python\\Python313\\Lib\\site-packages\\PyInstaller\\hooks'
65294 INFO: Processing standard module hook 'hook-PySide6.QtOpenGLWidgets.py' from 'C:\\Users\\User\\AppData\\Local\\Programs\\Python\\Python313\\Lib\\site-packages\\PyInstaller\\hooks'
65934 INFO: Processing standard module hook 'hook-dateutil.py' from 'C:\\Users\\User\\AppData\\Local\\Programs\\Python\\Python313\\Lib\\site-packages\\_pyinstaller_hooks_contrib\\stdhooks'
66167 INFO: Processing pre-safe-import-module hook 'hook-six.moves.py' from 'C:\\Users\\User\\AppData\\Local\\Programs\\Python\\Python313\\Lib\\site-packages\\PyInstaller\\hooks\\pre_safe_import_module'
66819 INFO: Processing standard module hook 'hook-xml.dom.domreg.py' from 'C:\\Users\\User\\AppData\\Local\\Programs\\Python\\Python313\\Lib\\site-packages\\PyInstaller\\hooks'
67549 INFO: Processing standard module hook 'hook-qtawesome.py' from 'C:\\Users\\User\\AppData\\Local\\Programs\\Python\\Python313\\Lib\\site-packages\\PyInstaller\\hooks'
67961 INFO: Processing standard module hook 'hook-msoffcrypto.py' from 'C:\\Users\\User\\AppData\\Local\\Programs\\Python\\Python313\\Lib\\site-packages\\_pyinstaller_hooks_contrib\\stdhooks'
68321 INFO: Processing module hooks (post-graph stage)...
68486 INFO: Processing standard module hook 'hook-jinja2.py' from 'C:\\Users\\User\\AppData\\Local\\Programs\\Python\\Python313\\Lib\\site-packages\\_pyinstaller_hooks_contrib\\stdhooks'
69568 INFO: Processing standard module hook 'hook-PIL.SpiderImagePlugin.py' from 'C:\\Users\\User\\AppData\\Local\\Programs\\Python\\Python313\\Lib\\site-packages\\PyInstaller\\hooks'
69716 WARNING: Hidden import "scipy.special._cdflib" not found!
69807 INFO: Performing binary vs. data reclassification (1403 entries)
70025 INFO: Looking for ctypes DLLs
70213 INFO: Analyzing run-time hooks ...
70222 INFO: Including run-time hook 'pyi_rth_inspect.py' from 'C:\\Users\\User\\AppData\\Local\\Programs\\Python\\Python313\\Lib\\site-packages\\PyInstaller\\hooks\\rthooks'
70225 INFO: Including run-time hook 'pyi_rth_pkgutil.py' from 'C:\\Users\\User\\AppData\\Local\\Programs\\Python\\Python313\\Lib\\site-packages\\PyInstaller\\hooks\\rthooks'
70228 INFO: Including run-time hook 'pyi_rth_multiprocessing.py' from 'C:\\Users\\User\\AppData\\Local\\Programs\\Python\\Python313\\Lib\\site-packages\\PyInstaller\\hooks\\rthooks'
70231 INFO: Including run-time hook 'pyi_rth_cryptography_openssl.py' from 'C:\\Users\\User\\AppData\\Local\\Programs\\Python\\Python313\\Lib\\site-packages\\_pyinstaller_hooks_contrib\\rthooks'
70232 INFO: Including run-time hook 'pyi_rth_pyside6.py' from 'C:\\Users\\User\\AppData\\Local\\Programs\\Python\\Python313\\Lib\\site-packages\\PyInstaller\\hooks\\rthooks'
70234 INFO: Processing pre-find-module-path hook 'hook-_pyi_rth_utils.py' from 'C:\\Users\\User\\AppData\\Local\\Programs\\Python\\Python313\\Lib\\site-packages\\PyInstaller\\hooks\\pre_find_module_path'
70237 INFO: Processing standard module hook 'hook-_pyi_rth_utils.py' from 'C:\\Users\\User\\AppData\\Local\\Programs\\Python\\Python313\\Lib\\site-packages\\PyInstaller\\hooks'
70241 INFO: Including run-time hook 'pyi_rth_setuptools.py' from 'C:\\Users\\User\\AppData\\Local\\Programs\\Python\\Python313\\Lib\\site-packages\\PyInstaller\\hooks\\rthooks'
70315 INFO: Creating base_library.zip...
70384 INFO: Looking for dynamic libraries
73769 INFO: Extra DLL search directories (AddDllDirectory): ['C:\\Users\\User\\AppData\\Local\\Programs\\Python\\Python313\\Lib\\site-packages\\shiboken6', 'C:\\Users\\User\\AppData\\Local\\Programs\\Python\\Python313\\Lib\\site-packages\\numpy.libs', 'C:\\Users\\User\\AppData\\Local\\Programs\\Python\\Python313\\Lib\\site-packages\\pandas.libs', 'C:\\Users\\User\\AppData\\Local\\Programs\\Python\\Python313\\Lib\\site-packages\\pyarrow.libs', 'C:\\Users\\User\\AppData\\Local\\Programs\\Python\\Python313\\Lib\\site-packages\\scipy.libs']
73769 INFO: Extra DLL search directories (PATH): ['C:\\Users\\User\\AppData\\Local\\Programs\\Python\\Python313\\Lib\\site-packages\\PySide6']
78039 INFO: Warnings written to C:\Users\User\Desktop\auto_data2\data_automation\build\sales_automation_v5\warn-sales_automation_v5.txt
78254 INFO: Graph cross-reference written to C:\Users\User\Desktop\auto_data2\data_automation\build\sales_automation_v5\xref-sales_automation_v5.html
78374 INFO: checking PYZ
78374 INFO: Building PYZ because PYZ-00.toc is non existent
78374 INFO: Building PYZ (ZlibArchive) C:\Users\User\Desktop\auto_data2\data_automation\build\sales_automation_v5\PYZ-00.pyz
80842 INFO: Building PYZ (ZlibArchive) C:\Users\User\Desktop\auto_data2\data_automation\build\sales_automation_v5\PYZ-00.pyz completed successfully.
80942 INFO: checking PKG
80942 INFO: Building PKG because PKG-00.toc is non existent
80942 INFO: Building PKG (CArchive) sales_automation_v5.pkg
117730 INFO: Building PKG (CArchive) sales_automation_v5.pkg completed successfully.
117792 INFO: Bootloader C:\Users\User\AppData\Local\Programs\Python\Python313\Lib\site-packages\PyInstaller\bootloader\Windows-64bit-intel\runw.exe
117792 INFO: checking EXE
117792 INFO: Building EXE because EXE-00.toc is non existent
117792 INFO: Building EXE from EXE-00.toc
117792 INFO: Copying bootloader EXE to C:\Users\User\Desktop\auto_data2\data_automation\sales_automation_v5.exe
117854 INFO: Copying icon to EXE
117898 INFO: Copying 0 resources to EXE
117898 INFO: Embedding manifest in EXE
117906 INFO: Appending PKG archive to EXE
118152 INFO: Fixing EXE headers
127725 INFO: Building EXE from EXE-00.toc completed successfully.
127772 INFO: Build complete! The results are available in: C:\Users\User\Desktop\auto_data2\data_automation
