316 INFO: PyInstaller: 6.15.0, contrib hooks: 2025.8
316 INFO: Python: 3.13.6
346 INFO: Platform: Windows-10-10.0.19045-SP0
346 INFO: Python environment: C:\Users\User\AppData\Local\Programs\Python\Python313
347 INFO: wrote C:\Users\User\Desktop\auto_data2\data_automation\판매데이터자동화_리워드ID정규화_v3.spec
363 INFO: Module search paths (PYTHONPATH):
['C:\\Users\\User\\AppData\\Local\\Programs\\Python\\Python313\\Scripts\\pyinstaller.exe',
 'C:\\Users\\User\\AppData\\Local\\Programs\\Python\\Python313\\python313.zip',
 'C:\\Users\\User\\AppData\\Local\\Programs\\Python\\Python313\\DLLs',
 'C:\\Users\\User\\AppData\\Local\\Programs\\Python\\Python313\\Lib',
 'C:\\Users\\User\\AppData\\Local\\Programs\\Python\\Python313',
 'C:\\Users\\User\\AppData\\Local\\Programs\\Python\\Python313\\Lib\\site-packages',
 'C:\\Users\\User\\AppData\\Local\\Programs\\Python\\Python313\\Lib\\site-packages\\win32',
 'C:\\Users\\User\\AppData\\Local\\Programs\\Python\\Python313\\Lib\\site-packages\\win32\\lib',
 'C:\\Users\\User\\AppData\\Local\\Programs\\Python\\Python313\\Lib\\site-packages\\Pythonwin',
 'C:\\Users\\User\\AppData\\Local\\Programs\\Python\\Python313\\Lib\\site-packages\\setuptools\\_vendor',
 'C:\\Users\\User\\Desktop\\auto_data2\\data_automation']
545 WARNING: qt_material must be imported after PySide or PyQt!
1246 INFO: checking Analysis
1247 INFO: Building Analysis because Analysis-00.toc is non existent
1247 INFO: Running Analysis Analysis-00.toc
1247 INFO: Target bytecode optimization level: 0
1247 INFO: Initializing module dependency graph...
1249 INFO: Initializing module graph hook caches...
1796 INFO: Analyzing modules for base_library.zip ...
3138 INFO: Processing standard module hook 'hook-heapq.py' from 'C:\\Users\\User\\AppData\\Local\\Programs\\Python\\Python313\\Lib\\site-packages\\PyInstaller\\hooks'
3813 INFO: Processing standard module hook 'hook-encodings.py' from 'C:\\Users\\User\\AppData\\Local\\Programs\\Python\\Python313\\Lib\\site-packages\\PyInstaller\\hooks'
6587 INFO: Processing standard module hook 'hook-pickle.py' from 'C:\\Users\\User\\AppData\\Local\\Programs\\Python\\Python313\\Lib\\site-packages\\PyInstaller\\hooks'
8898 INFO: Caching module dependency graph...
8956 INFO: Looking for Python shared library...
8963 INFO: Using Python shared library: C:\Users\User\AppData\Local\Programs\Python\Python313\python313.dll
8963 INFO: Analyzing C:\Users\User\Desktop\auto_data2\data_automation\desktop_app.py
9071 INFO: Processing standard module hook 'hook-pandas.py' from 'C:\\Users\\User\\AppData\\Local\\Programs\\Python\\Python313\\Lib\\site-packages\\PyInstaller\\hooks'
10744 INFO: Processing standard module hook 'hook-platform.py' from 'C:\\Users\\User\\AppData\\Local\\Programs\\Python\\Python313\\Lib\\site-packages\\PyInstaller\\hooks'
10776 INFO: Processing standard module hook 'hook-_ctypes.py' from 'C:\\Users\\User\\AppData\\Local\\Programs\\Python\\Python313\\Lib\\site-packages\\PyInstaller\\hooks'
10851 INFO: Processing standard module hook 'hook-sysconfig.py' from 'C:\\Users\\User\\AppData\\Local\\Programs\\Python\\Python313\\Lib\\site-packages\\PyInstaller\\hooks'
10896 INFO: Processing standard module hook 'hook-numpy.py' from 'C:\\Users\\User\\AppData\\Local\\Programs\\Python\\Python313\\Lib\\site-packages\\PyInstaller\\hooks'
11840 INFO: Processing standard module hook 'hook-difflib.py' from 'C:\\Users\\User\\AppData\\Local\\Programs\\Python\\Python313\\Lib\\site-packages\\PyInstaller\\hooks'
12155 INFO: Processing standard module hook 'hook-multiprocessing.util.py' from 'C:\\Users\\User\\AppData\\Local\\Programs\\Python\\Python313\\Lib\\site-packages\\PyInstaller\\hooks'
12424 INFO: Processing standard module hook 'hook-xml.py' from 'C:\\Users\\User\\AppData\\Local\\Programs\\Python\\Python313\\Lib\\site-packages\\PyInstaller\\hooks'
15842 INFO: Processing pre-safe-import-module hook 'hook-typing_extensions.py' from 'C:\\Users\\User\\AppData\\Local\\Programs\\Python\\Python313\\Lib\\site-packages\\PyInstaller\\hooks\\pre_safe_import_module'
15844 INFO: SetuptoolsInfo: initializing cached setuptools info...
21610 INFO: Processing standard module hook 'hook-charset_normalizer.py' from 'C:\\Users\\User\\AppData\\Local\\Programs\\Python\\Python313\\Lib\\site-packages\\_pyinstaller_hooks_contrib\\stdhooks'
22339 INFO: Processing standard module hook 'hook-pytz.py' from 'C:\\Users\\User\\AppData\\Local\\Programs\\Python\\Python313\\Lib\\site-packages\\PyInstaller\\hooks'
22806 INFO: Processing standard module hook 'hook-scipy.py' from 'C:\\Users\\User\\AppData\\Local\\Programs\\Python\\Python313\\Lib\\site-packages\\PyInstaller\\hooks'
23734 INFO: Processing standard module hook 'hook-pycparser.py' from 'C:\\Users\\User\\AppData\\Local\\Programs\\Python\\Python313\\Lib\\site-packages\\_pyinstaller_hooks_contrib\\stdhooks'
24276 INFO: Processing standard module hook 'hook-setuptools.py' from 'C:\\Users\\User\\AppData\\Local\\Programs\\Python\\Python313\\Lib\\site-packages\\PyInstaller\\hooks'
24294 INFO: Processing pre-safe-import-module hook 'hook-distutils.py' from 'C:\\Users\\User\\AppData\\Local\\Programs\\Python\\Python313\\Lib\\site-packages\\PyInstaller\\hooks\\pre_safe_import_module'
24339 INFO: Processing pre-safe-import-module hook 'hook-jaraco.functools.py' from 'C:\\Users\\User\\AppData\\Local\\Programs\\Python\\Python313\\Lib\\site-packages\\PyInstaller\\hooks\\pre_safe_import_module'
24339 INFO: Setuptools: 'jaraco.functools' appears to be a setuptools-vendored copy - creating alias to 'setuptools._vendor.jaraco.functools'!
24355 INFO: Processing pre-safe-import-module hook 'hook-more_itertools.py' from 'C:\\Users\\User\\AppData\\Local\\Programs\\Python\\Python313\\Lib\\site-packages\\PyInstaller\\hooks\\pre_safe_import_module'
24355 INFO: Setuptools: 'more_itertools' appears to be a setuptools-vendored copy - creating alias to 'setuptools._vendor.more_itertools'!
24667 INFO: Processing pre-safe-import-module hook 'hook-packaging.py' from 'C:\\Users\\User\\AppData\\Local\\Programs\\Python\\Python313\\Lib\\site-packages\\PyInstaller\\hooks\\pre_safe_import_module'
24939 INFO: Processing pre-safe-import-module hook 'hook-jaraco.text.py' from 'C:\\Users\\User\\AppData\\Local\\Programs\\Python\\Python313\\Lib\\site-packages\\PyInstaller\\hooks\\pre_safe_import_module'
24940 INFO: Setuptools: 'jaraco.text' appears to be a setuptools-vendored copy - creating alias to 'setuptools._vendor.jaraco.text'!
24965 INFO: Processing standard module hook 'hook-setuptools._vendor.jaraco.text.py' from 'C:\\Users\\User\\AppData\\Local\\Programs\\Python\\Python313\\Lib\\site-packages\\PyInstaller\\hooks'
24968 INFO: Processing pre-safe-import-module hook 'hook-importlib_resources.py' from 'C:\\Users\\User\\AppData\\Local\\Programs\\Python\\Python313\\Lib\\site-packages\\PyInstaller\\hooks\\pre_safe_import_module'
24970 INFO: Processing pre-safe-import-module hook 'hook-jaraco.context.py' from 'C:\\Users\\User\\AppData\\Local\\Programs\\Python\\Python313\\Lib\\site-packages\\PyInstaller\\hooks\\pre_safe_import_module'
24970 INFO: Setuptools: 'jaraco.context' appears to be a setuptools-vendored copy - creating alias to 'setuptools._vendor.jaraco.context'!
24982 INFO: Processing pre-safe-import-module hook 'hook-backports.tarfile.py' from 'C:\\Users\\User\\AppData\\Local\\Programs\\Python\\Python313\\Lib\\site-packages\\PyInstaller\\hooks\\pre_safe_import_module'
24983 INFO: Setuptools: 'backports.tarfile' appears to be a setuptools-vendored copy - creating alias to 'setuptools._vendor.backports.tarfile'!
25117 INFO: Processing standard module hook 'hook-backports.py' from 'C:\\Users\\User\\AppData\\Local\\Programs\\Python\\Python313\\Lib\\site-packages\\_pyinstaller_hooks_contrib\\stdhooks'
25232 INFO: Processing pre-safe-import-module hook 'hook-importlib_metadata.py' from 'C:\\Users\\User\\AppData\\Local\\Programs\\Python\\Python313\\Lib\\site-packages\\PyInstaller\\hooks\\pre_safe_import_module'
25232 INFO: Setuptools: 'importlib_metadata' appears to be a setuptools-vendored copy - creating alias to 'setuptools._vendor.importlib_metadata'!
25273 INFO: Processing standard module hook 'hook-setuptools._vendor.importlib_metadata.py' from 'C:\\Users\\User\\AppData\\Local\\Programs\\Python\\Python313\\Lib\\site-packages\\PyInstaller\\hooks'
25276 INFO: Processing pre-safe-import-module hook 'hook-zipp.py' from 'C:\\Users\\User\\AppData\\Local\\Programs\\Python\\Python313\\Lib\\site-packages\\PyInstaller\\hooks\\pre_safe_import_module'
25276 INFO: Setuptools: 'zipp' appears to be a setuptools-vendored copy - creating alias to 'setuptools._vendor.zipp'!
25880 INFO: Processing pre-safe-import-module hook 'hook-tomli.py' from 'C:\\Users\\User\\AppData\\Local\\Programs\\Python\\Python313\\Lib\\site-packages\\PyInstaller\\hooks\\pre_safe_import_module'
25881 INFO: Setuptools: 'tomli' appears to be a setuptools-vendored copy - creating alias to 'setuptools._vendor.tomli'!
26783 INFO: Processing pre-safe-import-module hook 'hook-wheel.py' from 'C:\\Users\\User\\AppData\\Local\\Programs\\Python\\Python313\\Lib\\site-packages\\PyInstaller\\hooks\\pre_safe_import_module'
26784 INFO: Setuptools: 'wheel' appears to be a setuptools-vendored copy - creating alias to 'setuptools._vendor.wheel'!
28779 INFO: Processing standard module hook 'hook-scipy.linalg.py' from 'C:\\Users\\User\\AppData\\Local\\Programs\\Python\\Python313\\Lib\\site-packages\\PyInstaller\\hooks'
28979 INFO: Processing standard module hook 'hook-scipy.special._ufuncs.py' from 'C:\\Users\\User\\AppData\\Local\\Programs\\Python\\Python313\\Lib\\site-packages\\PyInstaller\\hooks'
30731 INFO: Processing standard module hook 'hook-scipy.spatial._ckdtree.py' from 'C:\\Users\\User\\AppData\\Local\\Programs\\Python\\Python313\\Lib\\site-packages\\PyInstaller\\hooks'
31327 INFO: Processing standard module hook 'hook-scipy.spatial.transform.rotation.py' from 'C:\\Users\\User\\AppData\\Local\\Programs\\Python\\Python313\\Lib\\site-packages\\PyInstaller\\hooks'
32765 INFO: Processing standard module hook 'hook-scipy.stats._stats.py' from 'C:\\Users\\User\\AppData\\Local\\Programs\\Python\\Python313\\Lib\\site-packages\\PyInstaller\\hooks'
33500 INFO: Processing standard module hook 'hook-scipy.sparse.csgraph.py' from 'C:\\Users\\User\\AppData\\Local\\Programs\\Python\\Python313\\Lib\\site-packages\\PyInstaller\\hooks'
34877 INFO: Processing standard module hook 'hook-scipy.special._ellip_harm_2.py' from 'C:\\Users\\User\\AppData\\Local\\Programs\\Python\\Python313\\Lib\\site-packages\\PyInstaller\\hooks'
37360 INFO: Processing standard module hook 'hook-pyarrow.py' from 'C:\\Users\\User\\AppData\\Local\\Programs\\Python\\Python313\\Lib\\site-packages\\_pyinstaller_hooks_contrib\\stdhooks'
38426 INFO: Processing standard module hook 'hook-urllib3.py' from 'C:\\Users\\User\\AppData\\Local\\Programs\\Python\\Python313\\Lib\\site-packages\\_pyinstaller_hooks_contrib\\stdhooks'
39213 INFO: Processing standard module hook 'hook-cryptography.py' from 'C:\\Users\\User\\AppData\\Local\\Programs\\Python\\Python313\\Lib\\site-packages\\_pyinstaller_hooks_contrib\\stdhooks'
40298 INFO: hook-cryptography: cryptography does not seem to be using dynamically linked OpenSSL.
40770 INFO: Processing standard module hook 'hook-bcrypt.py' from 'C:\\Users\\User\\AppData\\Local\\Programs\\Python\\Python313\\Lib\\site-packages\\_pyinstaller_hooks_contrib\\stdhooks'
40815 INFO: Processing standard module hook 'hook-certifi.py' from 'C:\\Users\\User\\AppData\\Local\\Programs\\Python\\Python313\\Lib\\site-packages\\_pyinstaller_hooks_contrib\\stdhooks'
42610 INFO: Processing standard module hook 'hook-pandas.io.formats.style.py' from 'C:\\Users\\User\\AppData\\Local\\Programs\\Python\\Python313\\Lib\\site-packages\\PyInstaller\\hooks'
45352 INFO: Processing standard module hook 'hook-pandas.plotting.py' from 'C:\\Users\\User\\AppData\\Local\\Programs\\Python\\Python313\\Lib\\site-packages\\PyInstaller\\hooks'
46140 INFO: Processing standard module hook 'hook-openpyxl.py' from 'C:\\Users\\User\\AppData\\Local\\Programs\\Python\\Python313\\Lib\\site-packages\\_pyinstaller_hooks_contrib\\stdhooks'
46565 INFO: Processing standard module hook 'hook-xml.etree.cElementTree.py' from 'C:\\Users\\User\\AppData\\Local\\Programs\\Python\\Python313\\Lib\\site-packages\\PyInstaller\\hooks'
47081 INFO: Processing standard module hook 'hook-PIL.py' from 'C:\\Users\\User\\AppData\\Local\\Programs\\Python\\Python313\\Lib\\site-packages\\PyInstaller\\hooks'
47238 INFO: Processing standard module hook 'hook-PIL.Image.py' from 'C:\\Users\\User\\AppData\\Local\\Programs\\Python\\Python313\\Lib\\site-packages\\PyInstaller\\hooks'
47962 INFO: Processing standard module hook 'hook-PIL.ImageFilter.py' from 'C:\\Users\\User\\AppData\\Local\\Programs\\Python\\Python313\\Lib\\site-packages\\PyInstaller\\hooks'
51332 INFO: Processing standard module hook 'hook-sqlite3.py' from 'C:\\Users\\User\\AppData\\Local\\Programs\\Python\\Python313\\Lib\\site-packages\\PyInstaller\\hooks'
51785 INFO: Processing standard module hook 'hook-pandas.io.clipboard.py' from 'C:\\Users\\User\\AppData\\Local\\Programs\\Python\\Python313\\Lib\\site-packages\\PyInstaller\\hooks'
51799 INFO: Processing standard module hook 'hook-qtpy.py' from 'C:\\Users\\User\\AppData\\Local\\Programs\\Python\\Python313\\Lib\\site-packages\\PyInstaller\\hooks'
52178 INFO: hook-qtpy: selected 'PySide6' as the only available Qt bindings.
52187 INFO: Processing standard module hook 'hook-PySide6.py' from 'C:\\Users\\User\\AppData\\Local\\Programs\\Python\\Python313\\Lib\\site-packages\\PyInstaller\\hooks'
52194 INFO: Processing standard module hook 'hook-shiboken6.py' from 'C:\\Users\\User\\AppData\\Local\\Programs\\Python\\Python313\\Lib\\site-packages\\PyInstaller\\hooks'
52527 INFO: Processing standard module hook 'hook-PySide6.QtNetwork.py' from 'C:\\Users\\User\\AppData\\Local\\Programs\\Python\\Python313\\Lib\\site-packages\\PyInstaller\\hooks'
53835 INFO: Processing standard module hook 'hook-PySide6.QtCore.py' from 'C:\\Users\\User\\AppData\\Local\\Programs\\Python\\Python313\\Lib\\site-packages\\PyInstaller\\hooks'
54260 INFO: Processing standard module hook 'hook-PySide6.QtDataVisualization.py' from 'C:\\Users\\User\\AppData\\Local\\Programs\\Python\\Python313\\Lib\\site-packages\\PyInstaller\\hooks'
55465 INFO: Processing standard module hook 'hook-PySide6.QtGui.py' from 'C:\\Users\\User\\AppData\\Local\\Programs\\Python\\Python313\\Lib\\site-packages\\PyInstaller\\hooks'
58114 INFO: Processing standard module hook 'hook-PySide6.QtOpenGL.py' from 'C:\\Users\\User\\AppData\\Local\\Programs\\Python\\Python313\\Lib\\site-packages\\PyInstaller\\hooks'
59330 INFO: Processing standard module hook 'hook-PySide6.QtWidgets.py' from 'C:\\Users\\User\\AppData\\Local\\Programs\\Python\\Python313\\Lib\\site-packages\\PyInstaller\\hooks'
59581 INFO: Processing standard module hook 'hook-PySide6.QtOpenGLWidgets.py' from 'C:\\Users\\User\\AppData\\Local\\Programs\\Python\\Python313\\Lib\\site-packages\\PyInstaller\\hooks'
60203 INFO: Processing standard module hook 'hook-dateutil.py' from 'C:\\Users\\User\\AppData\\Local\\Programs\\Python\\Python313\\Lib\\site-packages\\_pyinstaller_hooks_contrib\\stdhooks'
60434 INFO: Processing pre-safe-import-module hook 'hook-six.moves.py' from 'C:\\Users\\User\\AppData\\Local\\Programs\\Python\\Python313\\Lib\\site-packages\\PyInstaller\\hooks\\pre_safe_import_module'
61080 INFO: Processing standard module hook 'hook-xml.dom.domreg.py' from 'C:\\Users\\User\\AppData\\Local\\Programs\\Python\\Python313\\Lib\\site-packages\\PyInstaller\\hooks'
61815 INFO: Processing standard module hook 'hook-qtawesome.py' from 'C:\\Users\\User\\AppData\\Local\\Programs\\Python\\Python313\\Lib\\site-packages\\PyInstaller\\hooks'
62220 INFO: Processing standard module hook 'hook-msoffcrypto.py' from 'C:\\Users\\User\\AppData\\Local\\Programs\\Python\\Python313\\Lib\\site-packages\\_pyinstaller_hooks_contrib\\stdhooks'
62573 INFO: Processing module hooks (post-graph stage)...
62736 INFO: Processing standard module hook 'hook-jinja2.py' from 'C:\\Users\\User\\AppData\\Local\\Programs\\Python\\Python313\\Lib\\site-packages\\_pyinstaller_hooks_contrib\\stdhooks'
63809 INFO: Processing standard module hook 'hook-PIL.SpiderImagePlugin.py' from 'C:\\Users\\User\\AppData\\Local\\Programs\\Python\\Python313\\Lib\\site-packages\\PyInstaller\\hooks'
63949 WARNING: Hidden import "scipy.special._cdflib" not found!
64040 INFO: Performing binary vs. data reclassification (1403 entries)
64274 INFO: Looking for ctypes DLLs
64469 INFO: Analyzing run-time hooks ...
64478 INFO: Including run-time hook 'pyi_rth_inspect.py' from 'C:\\Users\\User\\AppData\\Local\\Programs\\Python\\Python313\\Lib\\site-packages\\PyInstaller\\hooks\\rthooks'
64482 INFO: Including run-time hook 'pyi_rth_pkgutil.py' from 'C:\\Users\\User\\AppData\\Local\\Programs\\Python\\Python313\\Lib\\site-packages\\PyInstaller\\hooks\\rthooks'
64485 INFO: Including run-time hook 'pyi_rth_multiprocessing.py' from 'C:\\Users\\User\\AppData\\Local\\Programs\\Python\\Python313\\Lib\\site-packages\\PyInstaller\\hooks\\rthooks'
64488 INFO: Including run-time hook 'pyi_rth_cryptography_openssl.py' from 'C:\\Users\\User\\AppData\\Local\\Programs\\Python\\Python313\\Lib\\site-packages\\_pyinstaller_hooks_contrib\\rthooks'
64489 INFO: Including run-time hook 'pyi_rth_pyside6.py' from 'C:\\Users\\User\\AppData\\Local\\Programs\\Python\\Python313\\Lib\\site-packages\\PyInstaller\\hooks\\rthooks'
64491 INFO: Processing pre-find-module-path hook 'hook-_pyi_rth_utils.py' from 'C:\\Users\\User\\AppData\\Local\\Programs\\Python\\Python313\\Lib\\site-packages\\PyInstaller\\hooks\\pre_find_module_path'
64494 INFO: Processing standard module hook 'hook-_pyi_rth_utils.py' from 'C:\\Users\\User\\AppData\\Local\\Programs\\Python\\Python313\\Lib\\site-packages\\PyInstaller\\hooks'
64497 INFO: Including run-time hook 'pyi_rth_setuptools.py' from 'C:\\Users\\User\\AppData\\Local\\Programs\\Python\\Python313\\Lib\\site-packages\\PyInstaller\\hooks\\rthooks'
64575 INFO: Creating base_library.zip...
64644 INFO: Looking for dynamic libraries
67845 INFO: Extra DLL search directories (AddDllDirectory): ['C:\\Users\\User\\AppData\\Local\\Programs\\Python\\Python313\\Lib\\site-packages\\shiboken6', 'C:\\Users\\User\\AppData\\Local\\Programs\\Python\\Python313\\Lib\\site-packages\\numpy.libs', 'C:\\Users\\User\\AppData\\Local\\Programs\\Python\\Python313\\Lib\\site-packages\\pandas.libs', 'C:\\Users\\User\\AppData\\Local\\Programs\\Python\\Python313\\Lib\\site-packages\\pyarrow.libs', 'C:\\Users\\User\\AppData\\Local\\Programs\\Python\\Python313\\Lib\\site-packages\\scipy.libs']
67846 INFO: Extra DLL search directories (PATH): ['C:\\Users\\User\\AppData\\Local\\Programs\\Python\\Python313\\Lib\\site-packages\\PySide6']
72158 INFO: Warnings written to C:\Users\User\Desktop\auto_data2\data_automation\build\판매데이터자동화_리워드ID정규화_v3\warn-판매데이터자동화_리워드ID정규화_v3.txt
72381 INFO: Graph cross-reference written to C:\Users\User\Desktop\auto_data2\data_automation\build\판매데이터자동화_리워드ID정규화_v3\xref-판매데이터자동화_리워드ID정규화_v3.html
72501 INFO: checking PYZ
72501 INFO: Building PYZ because PYZ-00.toc is non existent
72501 INFO: Building PYZ (ZlibArchive) C:\Users\User\Desktop\auto_data2\data_automation\build\판매데이터자동화_리워드ID정규화_v3\PYZ-00.pyz
75012 INFO: Building PYZ (ZlibArchive) C:\Users\User\Desktop\auto_data2\data_automation\build\판매데이터자동화_리워드ID정규화_v3\PYZ-00.pyz completed successfully.
75114 INFO: checking PKG
75114 INFO: Building PKG because PKG-00.toc is non existent
75114 INFO: Building PKG (CArchive) 판매데이터자동화_리워드ID정규화_v3.pkg
112420 INFO: Building PKG (CArchive) 판매데이터자동화_리워드ID정규화_v3.pkg completed successfully.
112470 INFO: Bootloader C:\Users\User\AppData\Local\Programs\Python\Python313\Lib\site-packages\PyInstaller\bootloader\Windows-64bit-intel\runw.exe
112470 INFO: checking EXE
112470 INFO: Building EXE because EXE-00.toc is non existent
112470 INFO: Building EXE from EXE-00.toc
112470 INFO: Copying bootloader EXE to C:\Users\User\Desktop\auto_data2\data_automation\판매데이터자동화_리워드ID정규화_v3.exe
112561 INFO: Copying icon to EXE
112620 INFO: Copying 0 resources to EXE
112620 INFO: Embedding manifest in EXE
112629 INFO: Appending PKG archive to EXE
112794 INFO: Fixing EXE headers
121190 INFO: Building EXE from EXE-00.toc completed successfully.
121238 INFO: Build complete! The results are available in: C:\Users\User\Desktop\auto_data2\data_automation
