2025-09-15 15:42:52,192 - INFO - 👁️ 마이그레이션 미리보기 모드
2025-09-15 15:42:52,194 - INFO - 📊 분석 대상 파일 수: 71
2025-09-15 15:42:52,200 - INFO - 📁 우다다_통합_리포트_2025-09-08.xlsx → 개별리포트\2025-09\09-08\우다다_통합_리포트_2025-09-08.xlsx
2025-09-15 15:42:52,200 - INFO - 📁 우다다_통합_리포트_2025-09-09.xlsx → 개별리포트\2025-09\09-09\우다다_통합_리포트_2025-09-09.xlsx
2025-09-15 15:42:52,201 - INFO - 📁 우다다_통합_리포트_2025-09-10.xlsx → 개별리포트\2025-09\09-10\우다다_통합_리포트_2025-09-10.xlsx
2025-09-15 15:42:52,201 - INFO - 📁 우다다_통합_리포트_2025-09-11.xlsx → 개별리포트\2025-09\09-11\우다다_통합_리포트_2025-09-11.xlsx
2025-09-15 15:42:52,202 - INFO - 📁 우다다_통합_리포트_2025-09-12.xlsx → 개별리포트\2025-09\09-12\우다다_통합_리포트_2025-09-12.xlsx
2025-09-15 15:42:52,202 - INFO - 📁 우다다_통합_리포트_2025-09-13.xlsx → 개별리포트\2025-09\09-13\우다다_통합_리포트_2025-09-13.xlsx
2025-09-15 15:42:52,203 - INFO - 📁 우다다_통합_리포트_2025-09-14.xlsx → 개별리포트\2025-09\09-14\우다다_통합_리포트_2025-09-14.xlsx
2025-09-15 15:42:52,203 - INFO - 📁 전체_통합_리포트_2025-09-08.xlsx → 일간통합리포트\전체_통합_리포트_2025-09-08.xlsx
2025-09-15 15:42:52,203 - INFO - 📁 전체_통합_리포트_2025-09-09.xlsx → 일간통합리포트\전체_통합_리포트_2025-09-09.xlsx
2025-09-15 15:42:52,204 - INFO - 📁 전체_통합_리포트_2025-09-10.xlsx → 일간통합리포트\전체_통합_리포트_2025-09-10.xlsx
2025-09-15 15:42:52,204 - INFO - 📁 전체_통합_리포트_2025-09-11.xlsx → 일간통합리포트\전체_통합_리포트_2025-09-11.xlsx
2025-09-15 15:42:52,204 - INFO - 📁 전체_통합_리포트_2025-09-12.xlsx → 일간통합리포트\전체_통합_리포트_2025-09-12.xlsx
2025-09-15 15:42:52,205 - INFO - 📁 전체_통합_리포트_2025-09-13.xlsx → 일간통합리포트\전체_통합_리포트_2025-09-13.xlsx
2025-09-15 15:42:52,205 - INFO - 📁 전체_통합_리포트_2025-09-14.xlsx → 일간통합리포트\전체_통합_리포트_2025-09-14.xlsx
2025-09-15 15:42:52,205 - INFO - 📁 주간_전체_통합_리포트_2025-09-08_to_2025-09-14.xlsx → 주간통합리포트\주간_전체_통합_리포트_2025-09-08_to_2025-09-14.xlsx
2025-09-15 15:42:52,206 - INFO - 📁 헤누스_통합_리포트_2025-09-08.xlsx → 개별리포트\2025-09\09-08\헤누스_통합_리포트_2025-09-08.xlsx
2025-09-15 15:42:52,206 - INFO - 📁 헤누스_통합_리포트_2025-09-09.xlsx → 개별리포트\2025-09\09-09\헤누스_통합_리포트_2025-09-09.xlsx
2025-09-15 15:42:52,206 - INFO - 📁 헤누스_통합_리포트_2025-09-10.xlsx → 개별리포트\2025-09\09-10\헤누스_통합_리포트_2025-09-10.xlsx
2025-09-15 15:42:52,207 - INFO - 📁 헤누스_통합_리포트_2025-09-11.xlsx → 개별리포트\2025-09\09-11\헤누스_통합_리포트_2025-09-11.xlsx
2025-09-15 15:42:52,207 - INFO - 📁 헤누스_통합_리포트_2025-09-12.xlsx → 개별리포트\2025-09\09-12\헤누스_통합_리포트_2025-09-12.xlsx
2025-09-15 15:42:52,207 - INFO - 📁 헤누스_통합_리포트_2025-09-13.xlsx → 개별리포트\2025-09\09-13\헤누스_통합_리포트_2025-09-13.xlsx
2025-09-15 15:42:52,207 - INFO - 📁 헤누스_통합_리포트_2025-09-14.xlsx → 개별리포트\2025-09\09-14\헤누스_통합_리포트_2025-09-14.xlsx
2025-09-15 15:42:52,208 - INFO - 📁 헤몬 라이프_통합_리포트_2025-09-08.xlsx → 개별리포트\2025-09\09-08\헤몬 라이프_통합_리포트_2025-09-08.xlsx
2025-09-15 15:42:52,208 - INFO - 📁 헤몬 라이프_통합_리포트_2025-09-09.xlsx → 개별리포트\2025-09\09-09\헤몬 라이프_통합_리포트_2025-09-09.xlsx
2025-09-15 15:42:52,209 - INFO - 📁 헤몬 라이프_통합_리포트_2025-09-10.xlsx → 개별리포트\2025-09\09-10\헤몬 라이프_통합_리포트_2025-09-10.xlsx
2025-09-15 15:42:52,209 - INFO - 📁 헤몬 라이프_통합_리포트_2025-09-11.xlsx → 개별리포트\2025-09\09-11\헤몬 라이프_통합_리포트_2025-09-11.xlsx
2025-09-15 15:42:52,209 - INFO - 📁 헤몬 라이프_통합_리포트_2025-09-12.xlsx → 개별리포트\2025-09\09-12\헤몬 라이프_통합_리포트_2025-09-12.xlsx
2025-09-15 15:42:52,210 - INFO - 📁 헤몬 라이프_통합_리포트_2025-09-13.xlsx → 개별리포트\2025-09\09-13\헤몬 라이프_통합_리포트_2025-09-13.xlsx
2025-09-15 15:42:52,210 - INFO - 📁 헤몬 라이프_통합_리포트_2025-09-14.xlsx → 개별리포트\2025-09\09-14\헤몬 라이프_통합_리포트_2025-09-14.xlsx
2025-09-15 15:42:52,211 - INFO - 📁 헤몬 스토어_통합_리포트_2025-09-08.xlsx → 개별리포트\2025-09\09-08\헤몬 스토어_통합_리포트_2025-09-08.xlsx
2025-09-15 15:42:52,212 - INFO - 📁 헤몬 스토어_통합_리포트_2025-09-09.xlsx → 개별리포트\2025-09\09-09\헤몬 스토어_통합_리포트_2025-09-09.xlsx
2025-09-15 15:42:52,212 - INFO - 📁 헤몬 스토어_통합_리포트_2025-09-10.xlsx → 개별리포트\2025-09\09-10\헤몬 스토어_통합_리포트_2025-09-10.xlsx
2025-09-15 15:42:52,212 - INFO - 📁 헤몬 스토어_통합_리포트_2025-09-11.xlsx → 개별리포트\2025-09\09-11\헤몬 스토어_통합_리포트_2025-09-11.xlsx
2025-09-15 15:42:52,213 - INFO - 📁 헤몬 스토어_통합_리포트_2025-09-12.xlsx → 개별리포트\2025-09\09-12\헤몬 스토어_통합_리포트_2025-09-12.xlsx
2025-09-15 15:42:52,213 - INFO - 📁 헤몬 스토어_통합_리포트_2025-09-13.xlsx → 개별리포트\2025-09\09-13\헤몬 스토어_통합_리포트_2025-09-13.xlsx
2025-09-15 15:42:52,213 - INFO - 📁 헤몬 스토어_통합_리포트_2025-09-14.xlsx → 개별리포트\2025-09\09-14\헤몬 스토어_통합_리포트_2025-09-14.xlsx
2025-09-15 15:42:52,214 - INFO - 📁 헤이버_통합_리포트_2025-09-08.xlsx → 개별리포트\2025-09\09-08\헤이버_통합_리포트_2025-09-08.xlsx
2025-09-15 15:42:52,214 - INFO - 📁 헤이버_통합_리포트_2025-09-09.xlsx → 개별리포트\2025-09\09-09\헤이버_통합_리포트_2025-09-09.xlsx
2025-09-15 15:42:52,214 - INFO - 📁 헤이버_통합_리포트_2025-09-10.xlsx → 개별리포트\2025-09\09-10\헤이버_통합_리포트_2025-09-10.xlsx
2025-09-15 15:42:52,215 - INFO - 📁 헤이버_통합_리포트_2025-09-11.xlsx → 개별리포트\2025-09\09-11\헤이버_통합_리포트_2025-09-11.xlsx
2025-09-15 15:42:52,215 - INFO - 📁 헤이버_통합_리포트_2025-09-12.xlsx → 개별리포트\2025-09\09-12\헤이버_통합_리포트_2025-09-12.xlsx
2025-09-15 15:42:52,216 - INFO - 📁 헤이버_통합_리포트_2025-09-13.xlsx → 개별리포트\2025-09\09-13\헤이버_통합_리포트_2025-09-13.xlsx
2025-09-15 15:42:52,216 - INFO - 📁 헤이버_통합_리포트_2025-09-14.xlsx → 개별리포트\2025-09\09-14\헤이버_통합_리포트_2025-09-14.xlsx
2025-09-15 15:42:52,216 - INFO - 📁 헤이슨_통합_리포트_2025-09-08.xlsx → 개별리포트\2025-09\09-08\헤이슨_통합_리포트_2025-09-08.xlsx
2025-09-15 15:42:52,217 - INFO - 📁 헤이슨_통합_리포트_2025-09-09.xlsx → 개별리포트\2025-09\09-09\헤이슨_통합_리포트_2025-09-09.xlsx
2025-09-15 15:42:52,217 - INFO - 📁 헤이슨_통합_리포트_2025-09-10.xlsx → 개별리포트\2025-09\09-10\헤이슨_통합_리포트_2025-09-10.xlsx
2025-09-15 15:42:52,217 - INFO - 📁 헤이슨_통합_리포트_2025-09-11.xlsx → 개별리포트\2025-09\09-11\헤이슨_통합_리포트_2025-09-11.xlsx
2025-09-15 15:42:52,218 - INFO - 📁 헤이슨_통합_리포트_2025-09-12.xlsx → 개별리포트\2025-09\09-12\헤이슨_통합_리포트_2025-09-12.xlsx
2025-09-15 15:42:52,219 - INFO - 📁 헤이슨_통합_리포트_2025-09-13.xlsx → 개별리포트\2025-09\09-13\헤이슨_통합_리포트_2025-09-13.xlsx
2025-09-15 15:42:52,219 - INFO - 📁 헤이슨_통합_리포트_2025-09-14.xlsx → 개별리포트\2025-09\09-14\헤이슨_통합_리포트_2025-09-14.xlsx
2025-09-15 15:42:52,220 - INFO - 📁 헤이즈_통합_리포트_2025-09-08.xlsx → 개별리포트\2025-09\09-08\헤이즈_통합_리포트_2025-09-08.xlsx
2025-09-15 15:42:52,220 - INFO - 📁 헤이즈_통합_리포트_2025-09-09.xlsx → 개별리포트\2025-09\09-09\헤이즈_통합_리포트_2025-09-09.xlsx
2025-09-15 15:42:52,221 - INFO - 📁 헤이즈_통합_리포트_2025-09-10.xlsx → 개별리포트\2025-09\09-10\헤이즈_통합_리포트_2025-09-10.xlsx
2025-09-15 15:42:52,221 - INFO - 📁 헤이즈_통합_리포트_2025-09-11.xlsx → 개별리포트\2025-09\09-11\헤이즈_통합_리포트_2025-09-11.xlsx
2025-09-15 15:42:52,222 - INFO - 📁 헤이즈_통합_리포트_2025-09-12.xlsx → 개별리포트\2025-09\09-12\헤이즈_통합_리포트_2025-09-12.xlsx
2025-09-15 15:42:52,222 - INFO - 📁 헤이즈_통합_리포트_2025-09-13.xlsx → 개별리포트\2025-09\09-13\헤이즈_통합_리포트_2025-09-13.xlsx
2025-09-15 15:42:52,224 - INFO - 📁 헤이즈_통합_리포트_2025-09-14.xlsx → 개별리포트\2025-09\09-14\헤이즈_통합_리포트_2025-09-14.xlsx
2025-09-15 15:42:52,225 - INFO - 📁 헬릭스_통합_리포트_2025-09-08.xlsx → 개별리포트\2025-09\09-08\헬릭스_통합_리포트_2025-09-08.xlsx
2025-09-15 15:42:52,225 - INFO - 📁 헬릭스_통합_리포트_2025-09-09.xlsx → 개별리포트\2025-09\09-09\헬릭스_통합_리포트_2025-09-09.xlsx
2025-09-15 15:42:52,226 - INFO - 📁 헬릭스_통합_리포트_2025-09-10.xlsx → 개별리포트\2025-09\09-10\헬릭스_통합_리포트_2025-09-10.xlsx
2025-09-15 15:42:52,226 - INFO - 📁 헬릭스_통합_리포트_2025-09-11.xlsx → 개별리포트\2025-09\09-11\헬릭스_통합_리포트_2025-09-11.xlsx
2025-09-15 15:42:52,227 - INFO - 📁 헬릭스_통합_리포트_2025-09-12.xlsx → 개별리포트\2025-09\09-12\헬릭스_통합_리포트_2025-09-12.xlsx
2025-09-15 15:42:52,227 - INFO - 📁 헬릭스_통합_리포트_2025-09-13.xlsx → 개별리포트\2025-09\09-13\헬릭스_통합_리포트_2025-09-13.xlsx
2025-09-15 15:42:52,227 - INFO - 📁 헬릭스_통합_리포트_2025-09-14.xlsx → 개별리포트\2025-09\09-14\헬릭스_통합_리포트_2025-09-14.xlsx
2025-09-15 15:42:52,228 - INFO - 📁 휴멜_통합_리포트_2025-09-08.xlsx → 개별리포트\2025-09\09-08\휴멜_통합_리포트_2025-09-08.xlsx
2025-09-15 15:42:52,228 - INFO - 📁 휴멜_통합_리포트_2025-09-09.xlsx → 개별리포트\2025-09\09-09\휴멜_통합_리포트_2025-09-09.xlsx
2025-09-15 15:42:52,229 - INFO - 📁 휴멜_통합_리포트_2025-09-10.xlsx → 개별리포트\2025-09\09-10\휴멜_통합_리포트_2025-09-10.xlsx
2025-09-15 15:42:52,229 - INFO - 📁 휴멜_통합_리포트_2025-09-11.xlsx → 개별리포트\2025-09\09-11\휴멜_통합_리포트_2025-09-11.xlsx
2025-09-15 15:42:52,230 - INFO - 📁 휴멜_통합_리포트_2025-09-12.xlsx → 개별리포트\2025-09\09-12\휴멜_통합_리포트_2025-09-12.xlsx
2025-09-15 15:42:52,231 - INFO - 📁 휴멜_통합_리포트_2025-09-13.xlsx → 개별리포트\2025-09\09-13\휴멜_통합_리포트_2025-09-13.xlsx
2025-09-15 15:42:52,231 - INFO - 📁 휴멜_통합_리포트_2025-09-14.xlsx → 개별리포트\2025-09\09-14\휴멜_통합_리포트_2025-09-14.xlsx
2025-09-15 15:42:52,232 - INFO - 📊 마이그레이션 예상 결과:
2025-09-15 15:42:52,232 - INFO -    📄 개별리포트: 63개
2025-09-15 15:42:52,232 - INFO -    📊 일간통합리포트: 7개
2025-09-15 15:42:52,232 - INFO -    📈 주간통합리포트: 1개
2025-09-15 15:42:52,232 - INFO -    ❓ 알 수 없음: 0개
2025-09-15 15:42:52,233 - ERROR - ❌ 마이그레이션 중 오류가 발생했습니다.
2025-09-15 15:43:50,881 - INFO - 🔄 기존 리포트 파일 마이그레이션 시작
2025-09-15 15:43:50,882 - INFO - 📁 사용자 지정 폴더: C:\Users\User\Desktop\데이터\다운로드
2025-09-15 15:43:50,884 - INFO - 📊 발견된 리포트 파일 수: 71
2025-09-15 15:43:50,890 - INFO - ✅ 마이그레이션 완료: 우다다_통합_리포트_2025-09-08.xlsx → individual
2025-09-15 15:43:50,890 - INFO - ✅ 마이그레이션 완료: 우다다_통합_리포트_2025-09-09.xlsx → individual
2025-09-15 15:43:50,891 - INFO - ✅ 마이그레이션 완료: 우다다_통합_리포트_2025-09-10.xlsx → individual
2025-09-15 15:43:50,892 - INFO - ✅ 마이그레이션 완료: 우다다_통합_리포트_2025-09-11.xlsx → individual
2025-09-15 15:43:50,893 - INFO - ✅ 마이그레이션 완료: 우다다_통합_리포트_2025-09-12.xlsx → individual
2025-09-15 15:43:50,894 - INFO - ✅ 마이그레이션 완료: 우다다_통합_리포트_2025-09-13.xlsx → individual
2025-09-15 15:43:50,895 - INFO - ✅ 마이그레이션 완료: 우다다_통합_리포트_2025-09-14.xlsx → individual
2025-09-15 15:43:50,896 - INFO - ✅ 마이그레이션 완료: 전체_통합_리포트_2025-09-08.xlsx → daily_consolidated
2025-09-15 15:43:50,897 - INFO - ✅ 마이그레이션 완료: 전체_통합_리포트_2025-09-09.xlsx → daily_consolidated
2025-09-15 15:43:50,898 - INFO - ✅ 마이그레이션 완료: 전체_통합_리포트_2025-09-10.xlsx → daily_consolidated
2025-09-15 15:43:50,899 - INFO - ✅ 마이그레이션 완료: 전체_통합_리포트_2025-09-11.xlsx → daily_consolidated
2025-09-15 15:43:50,900 - INFO - ✅ 마이그레이션 완료: 전체_통합_리포트_2025-09-12.xlsx → daily_consolidated
2025-09-15 15:43:50,901 - INFO - ✅ 마이그레이션 완료: 전체_통합_리포트_2025-09-13.xlsx → daily_consolidated
2025-09-15 15:43:50,902 - INFO - ✅ 마이그레이션 완료: 전체_통합_리포트_2025-09-14.xlsx → daily_consolidated
2025-09-15 15:43:50,903 - INFO - ✅ 마이그레이션 완료: 주간_전체_통합_리포트_2025-09-08_to_2025-09-14.xlsx → weekly
2025-09-15 15:43:50,904 - INFO - ✅ 마이그레이션 완료: 헤누스_통합_리포트_2025-09-08.xlsx → individual
2025-09-15 15:43:50,905 - INFO - ✅ 마이그레이션 완료: 헤누스_통합_리포트_2025-09-09.xlsx → individual
2025-09-15 15:43:50,906 - INFO - ✅ 마이그레이션 완료: 헤누스_통합_리포트_2025-09-10.xlsx → individual
2025-09-15 15:43:50,907 - INFO - ✅ 마이그레이션 완료: 헤누스_통합_리포트_2025-09-11.xlsx → individual
2025-09-15 15:43:50,908 - INFO - ✅ 마이그레이션 완료: 헤누스_통합_리포트_2025-09-12.xlsx → individual
2025-09-15 15:43:50,909 - INFO - ✅ 마이그레이션 완료: 헤누스_통합_리포트_2025-09-13.xlsx → individual
2025-09-15 15:43:50,910 - INFO - ✅ 마이그레이션 완료: 헤누스_통합_리포트_2025-09-14.xlsx → individual
2025-09-15 15:43:50,911 - INFO - ✅ 마이그레이션 완료: 헤몬 라이프_통합_리포트_2025-09-08.xlsx → individual
2025-09-15 15:43:50,912 - INFO - ✅ 마이그레이션 완료: 헤몬 라이프_통합_리포트_2025-09-09.xlsx → individual
2025-09-15 15:43:50,913 - INFO - ✅ 마이그레이션 완료: 헤몬 라이프_통합_리포트_2025-09-10.xlsx → individual
2025-09-15 15:43:50,913 - INFO - ✅ 마이그레이션 완료: 헤몬 라이프_통합_리포트_2025-09-11.xlsx → individual
2025-09-15 15:43:50,914 - INFO - ✅ 마이그레이션 완료: 헤몬 라이프_통합_리포트_2025-09-12.xlsx → individual
2025-09-15 15:43:50,915 - INFO - ✅ 마이그레이션 완료: 헤몬 라이프_통합_리포트_2025-09-13.xlsx → individual
2025-09-15 15:43:50,917 - INFO - ✅ 마이그레이션 완료: 헤몬 라이프_통합_리포트_2025-09-14.xlsx → individual
2025-09-15 15:43:50,918 - INFO - ✅ 마이그레이션 완료: 헤몬 스토어_통합_리포트_2025-09-08.xlsx → individual
2025-09-15 15:43:50,918 - INFO - ✅ 마이그레이션 완료: 헤몬 스토어_통합_리포트_2025-09-09.xlsx → individual
2025-09-15 15:43:50,919 - INFO - ✅ 마이그레이션 완료: 헤몬 스토어_통합_리포트_2025-09-10.xlsx → individual
2025-09-15 15:43:50,920 - INFO - ✅ 마이그레이션 완료: 헤몬 스토어_통합_리포트_2025-09-11.xlsx → individual
2025-09-15 15:43:50,921 - INFO - ✅ 마이그레이션 완료: 헤몬 스토어_통합_리포트_2025-09-12.xlsx → individual
2025-09-15 15:43:50,922 - INFO - ✅ 마이그레이션 완료: 헤몬 스토어_통합_리포트_2025-09-13.xlsx → individual
2025-09-15 15:43:50,923 - INFO - ✅ 마이그레이션 완료: 헤몬 스토어_통합_리포트_2025-09-14.xlsx → individual
2025-09-15 15:43:50,924 - INFO - ✅ 마이그레이션 완료: 헤이버_통합_리포트_2025-09-08.xlsx → individual
2025-09-15 15:43:50,924 - INFO - ✅ 마이그레이션 완료: 헤이버_통합_리포트_2025-09-09.xlsx → individual
2025-09-15 15:43:50,925 - INFO - ✅ 마이그레이션 완료: 헤이버_통합_리포트_2025-09-10.xlsx → individual
2025-09-15 15:43:50,927 - INFO - ✅ 마이그레이션 완료: 헤이버_통합_리포트_2025-09-11.xlsx → individual
2025-09-15 15:43:50,928 - INFO - ✅ 마이그레이션 완료: 헤이버_통합_리포트_2025-09-12.xlsx → individual
2025-09-15 15:43:50,929 - INFO - ✅ 마이그레이션 완료: 헤이버_통합_리포트_2025-09-13.xlsx → individual
2025-09-15 15:43:50,930 - INFO - ✅ 마이그레이션 완료: 헤이버_통합_리포트_2025-09-14.xlsx → individual
2025-09-15 15:43:50,932 - INFO - ✅ 마이그레이션 완료: 헤이슨_통합_리포트_2025-09-08.xlsx → individual
2025-09-15 15:43:50,933 - INFO - ✅ 마이그레이션 완료: 헤이슨_통합_리포트_2025-09-09.xlsx → individual
2025-09-15 15:43:50,934 - INFO - ✅ 마이그레이션 완료: 헤이슨_통합_리포트_2025-09-10.xlsx → individual
2025-09-15 15:43:50,935 - INFO - ✅ 마이그레이션 완료: 헤이슨_통합_리포트_2025-09-11.xlsx → individual
2025-09-15 15:43:50,936 - INFO - ✅ 마이그레이션 완료: 헤이슨_통합_리포트_2025-09-12.xlsx → individual
2025-09-15 15:43:50,937 - INFO - ✅ 마이그레이션 완료: 헤이슨_통합_리포트_2025-09-13.xlsx → individual
2025-09-15 15:43:50,938 - INFO - ✅ 마이그레이션 완료: 헤이슨_통합_리포트_2025-09-14.xlsx → individual
2025-09-15 15:43:50,939 - INFO - ✅ 마이그레이션 완료: 헤이즈_통합_리포트_2025-09-08.xlsx → individual
2025-09-15 15:43:50,940 - INFO - ✅ 마이그레이션 완료: 헤이즈_통합_리포트_2025-09-09.xlsx → individual
2025-09-15 15:43:50,942 - INFO - ✅ 마이그레이션 완료: 헤이즈_통합_리포트_2025-09-10.xlsx → individual
2025-09-15 15:43:50,942 - INFO - ✅ 마이그레이션 완료: 헤이즈_통합_리포트_2025-09-11.xlsx → individual
2025-09-15 15:43:50,943 - INFO - ✅ 마이그레이션 완료: 헤이즈_통합_리포트_2025-09-12.xlsx → individual
2025-09-15 15:43:50,944 - INFO - ✅ 마이그레이션 완료: 헤이즈_통합_리포트_2025-09-13.xlsx → individual
2025-09-15 15:43:50,945 - INFO - ✅ 마이그레이션 완료: 헤이즈_통합_리포트_2025-09-14.xlsx → individual
2025-09-15 15:43:50,946 - INFO - ✅ 마이그레이션 완료: 헬릭스_통합_리포트_2025-09-08.xlsx → individual
2025-09-15 15:43:50,947 - INFO - ✅ 마이그레이션 완료: 헬릭스_통합_리포트_2025-09-09.xlsx → individual
2025-09-15 15:43:50,948 - INFO - ✅ 마이그레이션 완료: 헬릭스_통합_리포트_2025-09-10.xlsx → individual
2025-09-15 15:43:50,949 - INFO - ✅ 마이그레이션 완료: 헬릭스_통합_리포트_2025-09-11.xlsx → individual
2025-09-15 15:43:50,950 - INFO - ✅ 마이그레이션 완료: 헬릭스_통합_리포트_2025-09-12.xlsx → individual
2025-09-15 15:43:50,951 - INFO - ✅ 마이그레이션 완료: 헬릭스_통합_리포트_2025-09-13.xlsx → individual
2025-09-15 15:43:50,951 - INFO - ✅ 마이그레이션 완료: 헬릭스_통합_리포트_2025-09-14.xlsx → individual
2025-09-15 15:43:50,952 - INFO - ✅ 마이그레이션 완료: 휴멜_통합_리포트_2025-09-08.xlsx → individual
2025-09-15 15:43:50,953 - INFO - ✅ 마이그레이션 완료: 휴멜_통합_리포트_2025-09-09.xlsx → individual
2025-09-15 15:43:50,954 - INFO - ✅ 마이그레이션 완료: 휴멜_통합_리포트_2025-09-10.xlsx → individual
2025-09-15 15:43:50,955 - INFO - ✅ 마이그레이션 완료: 휴멜_통합_리포트_2025-09-11.xlsx → individual
2025-09-15 15:43:50,956 - INFO - ✅ 마이그레이션 완료: 휴멜_통합_리포트_2025-09-12.xlsx → individual
2025-09-15 15:43:50,958 - INFO - ✅ 마이그레이션 완료: 휴멜_통합_리포트_2025-09-13.xlsx → individual
2025-09-15 15:43:50,959 - INFO - ✅ 마이그레이션 완료: 휴멜_통합_리포트_2025-09-14.xlsx → individual
2025-09-15 15:43:50,959 - INFO - 🧹 빈 폴더 정리 중...
2025-09-15 15:43:50,960 - INFO - 📊 마이그레이션 완료 요약:
2025-09-15 15:43:50,961 - INFO -    ✅ 성공: 71개
2025-09-15 15:43:50,961 - INFO -    ⏭️ 건너뜀: 0개
2025-09-15 15:43:50,961 - INFO -    ❌ 실패: 0개
2025-09-15 15:43:50,961 - INFO - 🎉 마이그레이션이 성공적으로 완료되었습니다!
